{"/home/try/dev/react-otus/src/lesson3/App.tsx": {"path":"/home/try/dev/react-otus/src/lesson3/App.tsx","statementMap":{"0":{"start":{"line":1,"column":0},"end":{"line":1,"column":26}},"1":{"start":{"line":2,"column":0},"end":{"line":2,"column":39}},"2":{"start":{"line":3,"column":0},"end":{"line":3,"column":53}},"3":{"start":{"line":5,"column":12},"end":{"line":11,"column":1}},"4":{"start":{"line":6,"column":2},"end":{"line":10,"column":4}},"5":{"start":{"line":13,"column":0},"end":{"line":13,"column":19}}},"fnMap":{"0":{"name":"(anonymous_1)","decl":{"start":{"line":5,"column":12},"end":{"line":5,"column":null}},"loc":{"start":{"line":5,"column":12},"end":{"line":11,"column":1}}}},"branchMap":{},"s":{"0":9,"1":17,"2":1,"3":1,"4":2,"5":1},"f":{"0":18},"b":{},"_coverageSchema":"1a1c01bbd47fc00a2c39e90264f33305004495a9","hash":"3ee10fb9283a0ac6660e76046bb52079a3e64496"}
,"/home/try/dev/react-otus/src/lesson3/components/Cell.tsx": {"path":"/home/try/dev/react-otus/src/lesson3/components/Cell.tsx","statementMap":{"0":{"start":{"line":1,"column":0},"end":{"line":1,"column":26}},"1":{"start":{"line":9,"column":20},"end":{"line":38,"column":1}},"2":{"start":{"line":10,"column":65},"end":{"line":10,"column":71}},"3":{"start":{"line":12,"column":30},"end":{"line":15,"column":4}},"4":{"start":{"line":17,"column":29},"end":{"line":21,"column":4}},"5":{"start":{"line":24,"column":4},"end":{"line":24,"column":24}},"6":{"start":{"line":27,"column":2},"end":{"line":37,"column":4}},"7":{"start":{"line":40,"column":0},"end":{"line":40,"column":27}}},"fnMap":{"0":{"name":"(anonymous_1)","decl":{"start":{"line":9,"column":20},"end":{"line":9,"column":21}},"loc":{"start":{"line":9,"column":37},"end":{"line":38,"column":1}}},"1":{"name":"handleClick","decl":{"start":{"line":23,"column":11},"end":{"line":23,"column":22}},"loc":{"start":{"line":23,"column":22},"end":{"line":25,"column":3}}}},"branchMap":{"0":{"loc":{"start":{"line":18,"column":21},"end":{"line":18,"column":51}},"type":"cond-expr","locations":[{"start":{"line":18,"column":29},"end":{"line":18,"column":44}},{"start":{"line":18,"column":47},"end":{"line":18,"column":51}}]},"1":{"loc":{"start":{"line":34,"column":9},"end":{"line":34,"column":30}},"type":"cond-expr","locations":[{"start":{"line":34,"column":17},"end":{"line":34,"column":23}},{"start":{"line":34,"column":26},"end":{"line":34,"column":30}}]}},"s":{"0":11,"1":5025,"2":9132,"3":5844,"4":826,"5":5026,"6":822,"7":3},"f":{"0":5844,"1":8},"b":{"0":[2870,2974],"1":[2870,2974]},"_coverageSchema":"1a1c01bbd47fc00a2c39e90264f33305004495a9","hash":"274d283994f035bd16883f763729470387bb962f"}
,"/home/try/dev/react-otus/src/lesson3/components/Field.tsx": {"path":"/home/try/dev/react-otus/src/lesson3/components/Field.tsx","statementMap":{"0":{"start":{"line":1,"column":0},"end":{"line":1,"column":51}},"1":{"start":{"line":2,"column":0},"end":{"line":2,"column":21}},"2":{"start":{"line":3,"column":0},"end":{"line":3,"column":36}},"3":{"start":{"line":12,"column":2},"end":{"line":16,"column":4}},"4":{"start":{"line":30,"column":30},"end":{"line":38,"column":1}},"5":{"start":{"line":31,"column":27},"end":{"line":33,"column":3}},"6":{"start":{"line":32,"column":4},"end":{"line":32,"column":49}},"7":{"start":{"line":35,"column":2},"end":{"line":37,"column":13}},"8":{"start":{"line":36,"column":4},"end":{"line":36,"column":80}},"9":{"start":{"line":30,"column":13},"end":{"line":30,"column":30}},"10":{"start":{"line":40,"column":39},"end":{"line":60,"column":1}},"11":{"start":{"line":41,"column":24},"end":{"line":41,"column":26}},"12":{"start":{"line":43,"column":2},"end":{"line":57,"column":null}},"13":{"start":{"line":43,"column":15},"end":{"line":43,"column":16}},"14":{"start":{"line":44,"column":4},"end":{"line":56,"column":null}},"15":{"start":{"line":44,"column":17},"end":{"line":44,"column":18}},"16":{"start":{"line":45,"column":25},"end":{"line":49,"column":8}},"17":{"start":{"line":51,"column":6},"end":{"line":53,"column":null}},"18":{"start":{"line":52,"column":8},"end":{"line":52,"column":20}},"19":{"start":{"line":55,"column":6},"end":{"line":55,"column":23}},"20":{"start":{"line":59,"column":2},"end":{"line":59,"column":13}},"21":{"start":{"line":40,"column":13},"end":{"line":40,"column":39}},"22":{"start":{"line":62,"column":28},"end":{"line":85,"column":1}},"23":{"start":{"line":63,"column":2},"end":{"line":65,"column":null}},"24":{"start":{"line":64,"column":4},"end":{"line":64,"column":17}},"25":{"start":{"line":67,"column":2},"end":{"line":67,"column":22}},"26":{"start":{"line":68,"column":21},"end":{"line":68,"column":33}},"27":{"start":{"line":70,"column":2},"end":{"line":82,"column":null}},"28":{"start":{"line":70,"column":15},"end":{"line":70,"column":16}},"29":{"start":{"line":71,"column":4},"end":{"line":73,"column":null}},"30":{"start":{"line":72,"column":6},"end":{"line":72,"column":19}},"31":{"start":{"line":75,"column":4},"end":{"line":75,"column":30}},"32":{"start":{"line":77,"column":4},"end":{"line":81,"column":null}},"33":{"start":{"line":77,"column":17},"end":{"line":77,"column":18}},"34":{"start":{"line":78,"column":6},"end":{"line":80,"column":null}},"35":{"start":{"line":79,"column":8},"end":{"line":79,"column":21}},"36":{"start":{"line":84,"column":2},"end":{"line":84,"column":14}},"37":{"start":{"line":62,"column":13},"end":{"line":62,"column":28}},"38":{"start":{"line":87,"column":23},"end":{"line":93,"column":1}},"39":{"start":{"line":92,"column":2},"end":{"line":92,"column":67}},"40":{"start":{"line":95,"column":21},"end":{"line":128,"column":1}},"41":{"start":{"line":100,"column":22},"end":{"line":100,"column":29}},"42":{"start":{"line":101,"column":23},"end":{"line":101,"column":30}},"43":{"start":{"line":102,"column":22},"end":{"line":102,"column":24}},"44":{"start":{"line":103,"column":22},"end":{"line":103,"column":39}},"45":{"start":{"line":104,"column":23},"end":{"line":104,"column":41}},"46":{"start":{"line":105,"column":18},"end":{"line":105,"column":53}},"47":{"start":{"line":106,"column":21},"end":{"line":106,"column":75}},"48":{"start":{"line":109,"column":2},"end":{"line":121,"column":null}},"49":{"start":{"line":111,"column":6},"end":{"line":115,"column":22}},"50":{"start":{"line":117,"column":4},"end":{"line":120,"column":6}},"51":{"start":{"line":123,"column":2},"end":{"line":127,"column":4}},"52":{"start":{"line":130,"column":14},"end":{"line":188,"column":1}},"53":{"start":{"line":131,"column":62},"end":{"line":131,"column":68}},"54":{"start":{"line":131,"column":17},"end":{"line":131,"column":24}},"55":{"start":{"line":131,"column":51},"end":{"line":131,"column":62}},"56":{"start":{"line":132,"column":21},"end":{"line":132,"column":45}},"57":{"start":{"line":133,"column":22},"end":{"line":133,"column":33}},"58":{"start":{"line":135,"column":28},"end":{"line":136,"column":null}},"59":{"start":{"line":135,"column":14},"end":{"line":135,"column":16}},"60":{"start":{"line":135,"column":24},"end":{"line":135,"column":28}},"61":{"start":{"line":138,"column":22},"end":{"line":138,"column":23}},"62":{"start":{"line":139,"column":22},"end":{"line":139,"column":24}},"63":{"start":{"line":140,"column":35},"end":{"line":143,"column":null}},"64":{"start":{"line":140,"column":18},"end":{"line":140,"column":20}},"65":{"start":{"line":140,"column":30},"end":{"line":140,"column":35}},"66":{"start":{"line":146,"column":22},"end":{"line":149,"column":4}},"67":{"start":{"line":151,"column":2},"end":{"line":155,"column":16}},"68":{"start":{"line":152,"column":4},"end":{"line":154,"column":null}},"69":{"start":{"line":153,"column":6},"end":{"line":153,"column":49}},"70":{"start":{"line":157,"column":2},"end":{"line":161,"column":19}},"71":{"start":{"line":158,"column":4},"end":{"line":160,"column":null}},"72":{"start":{"line":159,"column":6},"end":{"line":159,"column":27}},"73":{"start":{"line":163,"column":22},"end":{"line":174,"column":3}},"74":{"start":{"line":164,"column":4},"end":{"line":173,"column":7}},"75":{"start":{"line":165,"column":6},"end":{"line":172,"column":9}},"76":{"start":{"line":166,"column":8},"end":{"line":171,"column":11}},"77":{"start":{"line":167,"column":10},"end":{"line":169,"column":null}},"78":{"start":{"line":176,"column":2},"end":{"line":187,"column":4}},"79":{"start":{"line":190,"column":0},"end":{"line":190,"column":21}}},"fnMap":{"0":{"name":"isCell","decl":{"start":{"line":11,"column":9},"end":{"line":11,"column":15}},"loc":{"start":{"line":11,"column":36},"end":{"line":17,"column":1}}},"1":{"name":"(anonymous_10)","decl":{"start":{"line":30,"column":30},"end":{"line":30,"column":null}},"loc":{"start":{"line":30,"column":30},"end":{"line":38,"column":1}}},"2":{"name":"(anonymous_11)","decl":{"start":{"line":31,"column":27},"end":{"line":31,"column":null}},"loc":{"start":{"line":31,"column":27},"end":{"line":33,"column":3}}},"3":{"name":"(anonymous_12)","decl":{"start":{"line":35,"column":32},"end":{"line":35,"column":33}},"loc":{"start":{"line":35,"column":40},"end":{"line":37,"column":3}}},"4":{"name":"(anonymous_13)","decl":{"start":{"line":40,"column":39},"end":{"line":40,"column":40}},"loc":{"start":{"line":40,"column":55},"end":{"line":60,"column":1}}},"5":{"name":"(anonymous_14)","decl":{"start":{"line":62,"column":28},"end":{"line":62,"column":29}},"loc":{"start":{"line":62,"column":51},"end":{"line":85,"column":1}}},"6":{"name":"(anonymous_15)","decl":{"start":{"line":87,"column":23},"end":{"line":87,"column":null}},"loc":{"start":{"line":90,"column":17},"end":{"line":93,"column":1}}},"7":{"name":"(anonymous_16)","decl":{"start":{"line":95,"column":21},"end":{"line":95,"column":null}},"loc":{"start":{"line":98,"column":26},"end":{"line":128,"column":1}}},"8":{"name":"(anonymous_17)","decl":{"start":{"line":130,"column":14},"end":{"line":130,"column":15}},"loc":{"start":{"line":130,"column":32},"end":{"line":188,"column":1}}},"9":{"name":"(anonymous_18)","decl":{"start":{"line":151,"column":12},"end":{"line":151,"column":null}},"loc":{"start":{"line":151,"column":12},"end":{"line":155,"column":3}}},"10":{"name":"(anonymous_19)","decl":{"start":{"line":157,"column":12},"end":{"line":157,"column":null}},"loc":{"start":{"line":157,"column":12},"end":{"line":161,"column":3}}},"11":{"name":"(anonymous_20)","decl":{"start":{"line":163,"column":22},"end":{"line":163,"column":23}},"loc":{"start":{"line":163,"column":37},"end":{"line":174,"column":3}}},"12":{"name":"(anonymous_21)","decl":{"start":{"line":164,"column":13},"end":{"line":164,"column":14}},"loc":{"start":{"line":164,"column":33},"end":{"line":173,"column":5}}},"13":{"name":"(anonymous_22)","decl":{"start":{"line":165,"column":27},"end":{"line":165,"column":28}},"loc":{"start":{"line":165,"column":31},"end":{"line":172,"column":7}}},"14":{"name":"(anonymous_23)","decl":{"start":{"line":166,"column":23},"end":{"line":166,"column":24}},"loc":{"start":{"line":166,"column":28},"end":{"line":171,"column":9}}}},"branchMap":{"0":{"loc":{"start":{"line":13,"column":4},"end":{"line":15,"column":30}},"type":"binary-expr","locations":[{"start":{"line":13,"column":4},"end":{"line":13,"column":39}},{"start":{"line":14,"column":4},"end":{"line":14,"column":29}},{"start":{"line":15,"column":4},"end":{"line":15,"column":30}}]},"1":{"loc":{"start":{"line":36,"column":18},"end":{"line":36,"column":77}},"type":"cond-expr","locations":[{"start":{"line":36,"column":29},"end":{"line":36,"column":50}},{"start":{"line":36,"column":56},"end":{"line":36,"column":77}}]},"2":{"loc":{"start":{"line":51,"column":6},"end":{"line":53,"column":null}},"type":"if","locations":[{"start":{"line":51,"column":6},"end":{"line":53,"column":null}}]},"3":{"loc":{"start":{"line":63,"column":2},"end":{"line":65,"column":null}},"type":"if","locations":[{"start":{"line":63,"column":2},"end":{"line":65,"column":null}}]},"4":{"loc":{"start":{"line":71,"column":4},"end":{"line":73,"column":null}},"type":"if","locations":[{"start":{"line":71,"column":4},"end":{"line":73,"column":null}}]},"5":{"loc":{"start":{"line":71,"column":8},"end":{"line":71,"column":66}},"type":"binary-expr","locations":[{"start":{"line":71,"column":8},"end":{"line":71,"column":32}},{"start":{"line":71,"column":36},"end":{"line":71,"column":66}}]},"6":{"loc":{"start":{"line":78,"column":6},"end":{"line":80,"column":null}},"type":"if","locations":[{"start":{"line":78,"column":6},"end":{"line":80,"column":null}}]},"7":{"loc":{"start":{"line":109,"column":2},"end":{"line":121,"column":null}},"type":"if","locations":[{"start":{"line":109,"column":2},"end":{"line":121,"column":null}}]},"8":{"loc":{"start":{"line":131,"column":17},"end":{"line":131,"column":24}},"type":"cond-expr","locations":[{"start":{"line":131,"column":20},"end":{"line":131,"column":22}},{"start":{"line":131,"column":22},"end":{"line":131,"column":24}}]},"9":{"loc":{"start":{"line":131,"column":51},"end":{"line":131,"column":62}},"type":"cond-expr","locations":[{"start":{"line":131,"column":54},"end":{"line":131,"column":58}},{"start":{"line":131,"column":58},"end":{"line":131,"column":62}}]},"10":{"loc":{"start":{"line":136,"column":4},"end":{"line":136,"column":72}},"type":"binary-expr","locations":[{"start":{"line":136,"column":5},"end":{"line":136,"column":35}},{"start":{"line":136,"column":40},"end":{"line":136,"column":72}}]},"11":{"loc":{"start":{"line":136,"column":5},"end":{"line":136,"column":35}},"type":"cond-expr","locations":[{"start":{"line":136,"column":18},"end":{"line":136,"column":28}},{"start":{"line":136,"column":31},"end":{"line":136,"column":35}}]},"12":{"loc":{"start":{"line":152,"column":4},"end":{"line":154,"column":null}},"type":"if","locations":[{"start":{"line":152,"column":4},"end":{"line":154,"column":null}}]},"13":{"loc":{"start":{"line":158,"column":4},"end":{"line":160,"column":null}},"type":"if","locations":[{"start":{"line":158,"column":4},"end":{"line":160,"column":null}}]},"14":{"loc":{"start":{"line":169,"column":19},"end":{"line":169,"column":68}},"type":"cond-expr","locations":[{"start":{"line":169,"column":44},"end":{"line":169,"column":55}},{"start":{"line":169,"column":58},"end":{"line":169,"column":68}}]}},"s":{"0":72,"1":10,"2":7552,"3":22720,"4":7552,"5":23900,"6":3758,"7":1328,"8":3828,"9":80,"10":764,"11":777,"12":7563,"13":7563,"14":894,"15":7680,"16":1326,"17":1256,"18":249,"19":1248,"20":132,"21":119,"22":119,"23":150,"24":131,"25":135,"26":62,"27":62,"28":62,"29":117,"30":18,"31":44,"32":37,"33":87,"34":78,"35":58,"36":73,"37":60,"38":60,"39":74,"40":60,"41":74,"42":74,"43":16,"44":16,"45":74,"46":24,"47":74,"48":74,"49":58,"50":58,"51":74,"52":60,"53":106,"54":74,"55":74,"56":46,"57":41,"58":74,"59":71,"60":21,"61":74,"62":19,"63":19,"64":20,"65":22,"66":74,"67":16,"68":9,"69":4,"70":16,"71":13,"72":5,"73":16,"74":3,"75":3,"76":4,"77":6,"78":16,"79":2},"f":{"0":140,"1":8800,"2":26400,"3":26400,"4":93,"5":150,"6":74,"7":74,"8":74,"9":39,"10":68,"11":6,"12":6,"13":8,"14":12},"b":{"0":[140,140,140],"1":[17600,8800],"2":[894,6786],"3":[0,117],"4":[120,29],"5":[178,178],"6":[0,70],"7":[0,58],"8":[6,null],"9":[58,null],"10":[74,58],"11":[16,58],"12":[29,5],"13":[10,50],"14":[6,6]},"_coverageSchema":"1a1c01bbd47fc00a2c39e90264f33305004495a9","hash":"b59f685d5b41195530305daa71814f9d29944952"}
,"/home/try/dev/react-otus/src/lesson3/components/ListCells.tsx": {"path":"/home/try/dev/react-otus/src/lesson3/components/ListCells.tsx","statementMap":{"0":{"start":{"line":1,"column":0},"end":{"line":1,"column":26}},"1":{"start":{"line":3,"column":0},"end":{"line":3,"column":33}},"2":{"start":{"line":12,"column":18},"end":{"line":47,"column":1}},"3":{"start":{"line":13,"column":56},"end":{"line":13,"column":62}},"4":{"start":{"line":15,"column":22},"end":{"line":36,"column":3}},"5":{"start":{"line":16,"column":20},"end":{"line":16,"column":32}},"6":{"start":{"line":17,"column":24},"end":{"line":17,"column":26}},"7":{"start":{"line":19,"column":4},"end":{"line":33,"column":null}},"8":{"start":{"line":19,"column":17},"end":{"line":19,"column":18}},"9":{"start":{"line":20,"column":6},"end":{"line":32,"column":null}},"10":{"start":{"line":20,"column":19},"end":{"line":20,"column":20}},"11":{"start":{"line":21,"column":18},"end":{"line":21,"column":29}},"12":{"start":{"line":22,"column":8},"end":{"line":31,"column":10}},"13":{"start":{"line":35,"column":4},"end":{"line":35,"column":23}},"14":{"start":{"line":38,"column":20},"end":{"line":40,"column":4}},"15":{"start":{"line":42,"column":2},"end":{"line":46,"column":4}},"16":{"start":{"line":49,"column":0},"end":{"line":49,"column":25}}},"fnMap":{"0":{"name":"(anonymous_1)","decl":{"start":{"line":12,"column":18},"end":{"line":12,"column":19}},"loc":{"start":{"line":12,"column":40},"end":{"line":47,"column":1}}},"1":{"name":"(anonymous_2)","decl":{"start":{"line":15,"column":22},"end":{"line":15,"column":23}},"loc":{"start":{"line":15,"column":56},"end":{"line":36,"column":3}}}},"branchMap":{},"s":{"0":10,"1":60,"2":60,"3":122,"4":74,"5":74,"6":74,"7":528,"8":528,"9":5112,"10":5112,"11":878,"12":878,"13":74,"14":16,"15":16,"16":2},"f":{"0":74,"1":74},"b":{},"_coverageSchema":"1a1c01bbd47fc00a2c39e90264f33305004495a9","hash":"f03ff77a007c7d369e4200071f889ca83d90ea02"}
,"/home/try/dev/react-otus/src/lesson3/components/error/Error.tsx": {"path":"/home/try/dev/react-otus/src/lesson3/components/error/Error.tsx","statementMap":{"0":{"start":{"line":1,"column":0},"end":{"line":1,"column":26}},"1":{"start":{"line":2,"column":0},"end":{"line":2,"column":21}},"2":{"start":{"line":4,"column":0},"end":{"line":4,"column":45}},"3":{"start":{"line":4,"column":20},"end":{"line":4,"column":25}},"4":{"start":{"line":6,"column":4},"end":{"line":6,"column":null}},"5":{"start":{"line":7,"column":4},"end":{"line":9,"column":6}},"6":{"start":{"line":12,"column":9},"end":{"line":14,"column":null}},"7":{"start":{"line":13,"column":4},"end":{"line":13,"column":39}},"8":{"start":{"line":16,"column":2},"end":{"line":18,"column":null}},"9":{"start":{"line":17,"column":4},"end":{"line":17,"column":34}},"10":{"start":{"line":20,"column":2},"end":{"line":31,"column":null}},"11":{"start":{"line":21,"column":4},"end":{"line":28,"column":null}},"12":{"start":{"line":22,"column":6},"end":{"line":27,"column":8}},"13":{"start":{"line":30,"column":4},"end":{"line":30,"column":31}},"14":{"start":{"line":32,"column":0},"end":{"line":32,"column":null}},"15":{"start":{"line":34,"column":0},"end":{"line":34,"column":21}}},"fnMap":{"0":{"name":"(anonymous_7)","decl":{"start":{"line":4,"column":0},"end":{"line":4,"column":20}},"loc":{"start":{"line":4,"column":0},"end":{"line":32,"column":null}}},"1":{"name":"Error","decl":{"start":{"line":5,"column":2},"end":{"line":5,"column":14}},"loc":{"start":{"line":5,"column":49},"end":{"line":10,"column":3}}},"2":{"name":"(anonymous_9)","decl":{"start":{"line":12,"column":2},"end":{"line":12,"column":9}},"loc":{"start":{"line":12,"column":50},"end":{"line":14,"column":3}}},"3":{"name":"(anonymous_10)","decl":{"start":{"line":16,"column":2},"end":{"line":16,"column":19}},"loc":{"start":{"line":16,"column":58},"end":{"line":18,"column":3}}},"4":{"name":"(anonymous_11)","decl":{"start":{"line":20,"column":2},"end":{"line":20,"column":8}},"loc":{"start":{"line":20,"column":2},"end":{"line":31,"column":3}}}},"branchMap":{"0":{"loc":{"start":{"line":6,"column":4},"end":{"line":6,"column":null}},"type":"binary-expr","locations":[{"start":{"line":6,"column":4},"end":{"line":6,"column":16}},{"start":{"line":6,"column":16},"end":{"line":6,"column":null}}]},"1":{"loc":{"start":{"line":21,"column":4},"end":{"line":28,"column":null}},"type":"if","locations":[{"start":{"line":21,"column":4},"end":{"line":28,"column":null}}]}},"s":{"0":19,"1":19,"2":3,"3":3,"4":22,"5":4,"6":19,"7":1,"8":2,"9":1,"10":2,"11":4,"12":1,"13":3,"14":2,"15":2},"f":{"0":19,"1":5,"2":2,"3":19,"4":4},"b":{"0":[5,20],"1":[1]},"_coverageSchema":"1a1c01bbd47fc00a2c39e90264f33305004495a9","hash":"baefa0d6990bcc808d1f1001c0986e220ef12188"}
}
